random: Trying to read entropy from /dev/random
Configuration file: hostapd.conf
ctrl_interface_group=0
rfkill: initial event: idx=2 type=1 op=0 soft=1 hard=0
rfkill: WLAN soft blocked
nl80211: TDLS supported
nl80211: TDLS external setup
nl80211: Supported cipher 00-0f-ac:1
nl80211: Supported cipher 00-0f-ac:5
nl80211: Supported cipher 00-0f-ac:2
nl80211: Supported cipher 00-0f-ac:4
nl80211: Supported cipher 00-0f-ac:10
nl80211: Supported cipher 00-0f-ac:8
nl80211: Supported cipher 00-0f-ac:9
nl80211: Supported cipher 00-0f-ac:6
nl80211: Supported cipher 00-0f-ac:13
nl80211: Supported cipher 00-0f-ac:11
nl80211: Supported cipher 00-0f-ac:12
nl80211: Using driver-based off-channel TX
nl80211: Use separate P2P group interface (driver advertised support)
nl80211: interface wlan0 in phy phy0
nl80211: Set mode ifindex 5 iftype 3 (AP)
nl80211: Setup AP(wlan0) - device_ap_sme=0 use_monitor=0
nl80211: Subscribe to mgmt frames with AP handle 0x9d955f8
nl80211: Register frame type=0xb0 nl_handle=0x9d955f8 match=
nl80211: Register frame type=0x0 nl_handle=0x9d955f8 match=
nl80211: Register frame type=0x20 nl_handle=0x9d955f8 match=
nl80211: Register frame type=0xa0 nl_handle=0x9d955f8 match=
nl80211: Register frame type=0xc0 nl_handle=0x9d955f8 match=
nl80211: Register frame type=0xd0 nl_handle=0x9d955f8 match=
nl80211: Register frame type=0x40 nl_handle=0x9d955f8 match=
Could not set interface wlan0 flags (UP): Operation not possible due to RF-kill
nl80211: Could not yet enable interface 'wlan0' due to rfkill
nl80211: Add own interface ifindex 5
phy: phy0
BSS count 1, BSSID mask 00:00:00:00:00:00 (0 bits)
wlan0: interface state UNINITIALIZED->COUNTRY_UPDATE
Previous country code US, new country code US 
nl80211: Regulatory information - country=US
nl80211: 2402-2472 @ 40 MHz 27 mBm
nl80211: 5170-5250 @ 40 MHz 17 mBm
nl80211: 5250-5330 @ 40 MHz 20 mBm
nl80211: 5490-5600 @ 40 MHz 20 mBm
nl80211: 5650-5710 @ 40 MHz 20 mBm
nl80211: 5735-5835 @ 40 MHz 30 mBm
nl80211: 57240-63720 @ 2160 MHz 40 mBm
nl80211: Added 802.11b mode based on 802.11g information
channel [2] (44) is disabled for use in AP mode, flags: 0x77 NO-IBSS PASSIVE-SCAN
wlan0: IEEE 802.11 Configured channel (44) not found from the channel list of current mode (2) IEEE 802.11a
wlan0: IEEE 802.11 Hardware does not support configured channel
Could not select hw_mode and channel. (-3)
wlan0: Unable to setup interface.
hostapd_interface_deinit_free(0x9d926f0)
hostapd_interface_deinit_free: num_bss=1 conf->num_bss=1
hostapd_interface_deinit(0x9d926f0)
hostapd_bss_deinit: deinit bss wlan0
wlan0: Flushing old station entries
nl80211: flush -> DEL_STATION wlan0 (all)
nl80211: Station flush failed: ret=-100 (Network is down)
wlan0: Could not connect to kernel driver
wlan0: Deauthenticate all stations
nl80211: send_mlme - noack=0 freq=0 no_cck=0 offchanok=0 wait_time=0 fc=0xc0 nlmode=3
nl80211: send_mlme -> send_frame
nl80211: send_frame - Use bss->freq=0
nl80211: send_frame -> send_frame_cmd
nl80211: Frame command failed: ret=-100 (Network is down) (freq=0 wait=0)
wpa_driver_nl80211_set_key: ifindex=5 (wlan0) alg=0 addr=(nil) key_idx=0 set_tx=0 seq_len=0 key_len=0
nl80211: set_key failed; err=-100 Network is down)
Failed to clear default encryption keys (ifname=wlan0 keyidx=0)
wpa_driver_nl80211_set_key: ifindex=5 (wlan0) alg=0 addr=(nil) key_idx=1 set_tx=0 seq_len=0 key_len=0
nl80211: set_key failed; err=-100 Network is down)
Failed to clear default encryption keys (ifname=wlan0 keyidx=1)
wpa_driver_nl80211_set_key: ifindex=5 (wlan0) alg=0 addr=(nil) key_idx=2 set_tx=0 seq_len=0 key_len=0
nl80211: set_key failed; err=-100 Network is down)
Failed to clear default encryption keys (ifname=wlan0 keyidx=2)
wpa_driver_nl80211_set_key: ifindex=5 (wlan0) alg=0 addr=(nil) key_idx=3 set_tx=0 seq_len=0 key_len=0
nl80211: set_key failed; err=-100 Network is down)
Failed to clear default encryption keys (ifname=wlan0 keyidx=3)
hostapd_cleanup(hapd=0x9d94b60 (wlan0))
hostapd_free_hapd_data: Interface wlan0 wasn't started
hostapd_interface_deinit_free: driver=0x810c560 drv_priv=0x9d95460 -> hapd_deinit
nl80211: Remove monitor interface: refcount=0
nl80211: Remove beacon (ifindex=5)
netlink: Operstate: ifindex=5 linkmode=0 (kernel-control), operstate=6 (IF_OPER_UP)
nl80211: Set mode ifindex 5 iftype 2 (STATION)
nl80211: Teardown AP(wlan0) - device_ap_sme=0 use_monitor=0
nl80211: Unsubscribe mgmt frames handle 0x8151dd71 (AP teardown)
hostapd_interface_free(0x9d926f0)
hostapd_interface_free: free hapd 0x9d94b60
hostapd_cleanup_iface(0x9d926f0)
hostapd_cleanup_iface_partial(0x9d926f0)
hostapd_cleanup_iface: free iface=0x9d926f0
ELOOP: remaining timeout: -1.960066 eloop_data=0x9d95248 user_data=0x9d94b60 handler=0x808e980
